70999290
999990
71999280
1999980
72999270
2999970
73999260
3999960
74999250
4999950
75999240
5999940
76999230
6999930
77999220
7999920
78999210
8999910
79999200
9999900
80999190
10999890
81999180
11999880
82999170
12999870
83999160
13999860
84999150
14999850
85999140
15999840
86999130
16999830
87999120
17999820
88999110
18999810
89999100
19999800
90999090
20999790
91999080
21999780
92999070
22999770
93999060
23999760
94999050
24999750
95999040
25999740
96999030
26999730
97999020
27999720
98999010
28999710
99999000
29999700
100998990
30999690
101998980
31999680
102998970
32999670
103998960
33999660
104998950
34999650
105998940
35999640
106998930
36999630
107998920
37999620
108998910
38999610
109998900
39999600
110998890
40999590
111998880
41999580
112998870
42999570
113998860
43999560
114998850
44999550
115998840
45999540
116998830
46999530
117998820
47999520
118998810
48999510
119998800
49999500
120998790
50999490
121998780
51999480
122998770
52999470
123998760
53999460
124998750
54999450
125998740
55999440
126998730
56999430
127998720
57999420
128998710
58999410
129998700
59999400
130998690
60999390
61999380
131998680
62999370
132998670
63999360
133998660
64999350
134998650
65999340
135998640
66999330
67999320
68999310
69999300
70999290
71999280
72999270
73999260
74999250
75999240
76999230
77999220
78999210
79999200
80999190
81999180
82999170
83999160
84999150
85999140
86999130
87999120
88999110
89999100
90999090
91999080
92999070
93999060
94999050
95999040
96999030
97999020
98999010
99999000
100998990
101998980
102998970
103998960
104998950
105998940
106998930
107998920
108998910
109998900
110998890
111998880
112998870
113998860
114998850
115998840
116998830
117998820
118998810
119998800
120998790
121998780
122998770
123998760
124998750
125998740
126998730
127998720
128998710
129998700
130998690
131998680
132998670
133998660
134998650
135998640
136998630
137998620
138998610
139998600
140998590
141998580
142998570
143998560
144998550
145998540
146998530
147998520
148998510
149998500
150998490
151998480
152998470
153998460
154998450
155998440
156998430
157998420
158998410
159998400
160998390
161998380
162998370
163998360
164998350
165998340
166998330
167998320
168998310
169998300
170998290
171998280
172998270
173998260
174998250
175998240
176998230
177998220
178998210
179998200
180998190
181998180
182998170
183998160
184998150
185998140
186998130
187998120
188998110
189998100
190998090
191998080
192998070
193998060
194998050
195998040
196998030
197998020
198998010
199998000
200997990
201997980
202997970
